<?xml version="1.0" encoding="UTF-8"?>
<testsuite name="StylistTest" tests="1" skipped="0" failures="0" errors="0" timestamp="2016-09-23T19:13:05" hostname="MacBook-Pro.local" time="0.005">
  <properties/>
  <testcase name="stylist_instantiatesCorrectly_true" classname="StylistTest" time="0.005"/>
  <system-out><![CDATA[]]></system-out>
  <system-err><![CDATA[]]></system-err>
</testsuite>
