<?xml version="1.0" encoding="UTF-8"?>
<testsuite name="StylistTest" tests="8" skipped="0" failures="0" errors="0" timestamp="2016-09-23T21:47:45" hostname="MacBook-Pro.local" time="0.11">
  <properties/>
  <testcase name="getId_returnsIdOfStylist_true" classname="StylistTest" time="0.011"/>
  <testcase name="stylist_instantiatesCorrectly_true" classname="StylistTest" time="0.007"/>
  <testcase name="all_returnsAllInstancesOfStylist_true" classname="StylistTest" time="0.031"/>
  <testcase name="save_savesObjectToDatabase_true" classname="StylistTest" time="0.017"/>
  <testcase name="find_returnsStylistWithSameId_secondStylist" classname="StylistTest" time="0.023"/>
  <testcase name="getName_returnsNameOfStylist_String" classname="StylistTest" time="0.006"/>
  <testcase name="equals_returnsTrueIfPropertiesAreTheSame_true" classname="StylistTest" time="0.006"/>
  <testcase name="getDescription_returnsDescriptionOfStylist_String" classname="StylistTest" time="0.006"/>
  <system-out><![CDATA[]]></system-out>
  <system-err><![CDATA[]]></system-err>
</testsuite>
