<?xml version="1.0" encoding="UTF-8"?>
<testsuite name="ClientTest" tests="8" skipped="0" failures="0" errors="0" timestamp="2016-09-23T21:08:11" hostname="MacBook-Pro.local" time="0.302">
  <properties/>
  <testcase name="save_savesObjectToDatabase_true" classname="ClientTest" time="0.172"/>
  <testcase name="client_instantiatesCorrectly_true" classname="ClientTest" time="0.01"/>
  <testcase name="getDescription_returnsDescriptionOfClient_String" classname="ClientTest" time="0.011"/>
  <testcase name="all_returnsAllInstancesOfClient_true" classname="ClientTest" time="0.049"/>
  <testcase name="getName_returnsNameOfClient_String" classname="ClientTest" time="0.008"/>
  <testcase name="getId_returnsIdOfClient_true" classname="ClientTest" time="0.016"/>
  <testcase name="equals_returnsTrueIfPropertiesAreTheSame_true" classname="ClientTest" time="0.008"/>
  <testcase name="find_returnsClientWithSameId_secondClient" classname="ClientTest" time="0.026"/>
  <system-out><![CDATA[]]></system-out>
  <system-err><![CDATA[]]></system-err>
</testsuite>
