<?xml version="1.0" encoding="UTF-8"?>
<testsuite name="ClientTest" tests="1" skipped="0" failures="0" errors="0" timestamp="2016-09-23T18:30:58" hostname="MacBook-Pro.local" time="0.098">
  <properties/>
  <testcase name="client_instantiatesCorrectly_true" classname="ClientTest" time="0.098"/>
  <system-out><![CDATA[]]></system-out>
  <system-err><![CDATA[]]></system-err>
</testsuite>
