<?xml version="1.0" encoding="UTF-8"?>
<testsuite name="StylistTest" tests="10" skipped="0" failures="0" errors="0" timestamp="2016-09-25T22:27:04" hostname="MacBook-Pro.domain" time="0.162">
  <properties/>
  <testcase name="getId_returnsIdOfStylist_true" classname="StylistTest" time="0.012"/>
  <testcase name="stylist_instantiatesCorrectly_true" classname="StylistTest" time="0.005"/>
  <testcase name="all_returnsAllInstancesOfStylist_true" classname="StylistTest" time="0.029"/>
  <testcase name="save_savesObjectToDatabase_true" classname="StylistTest" time="0.016"/>
  <testcase name="getClients_retrievesAllClientsWithStylistId_clientList" classname="StylistTest" time="0.029"/>
  <testcase name="update_updatesStylistDescription_true" classname="StylistTest" time="0.022"/>
  <testcase name="find_returnsStylistWithSameId_secondStylist" classname="StylistTest" time="0.025"/>
  <testcase name="getName_returnsNameOfStylist_String" classname="StylistTest" time="0.007"/>
  <testcase name="equals_returnsTrueIfPropertiesAreTheSame_true" classname="StylistTest" time="0.007"/>
  <testcase name="getDescription_returnsDescriptionOfStylist_String" classname="StylistTest" time="0.006"/>
  <system-out><![CDATA[]]></system-out>
  <system-err><![CDATA[]]></system-err>
</testsuite>
