<?xml version="1.0" encoding="UTF-8"?>
<testsuite name="ClientTest" tests="6" skipped="0" failures="0" errors="0" timestamp="2016-09-23T19:04:58" hostname="MacBook-Pro.local" time="0.193">
  <properties/>
  <testcase name="save_savesObjectToDatabase_true" classname="ClientTest" time="0.153"/>
  <testcase name="client_instantiatesCorrectly_true" classname="ClientTest" time="0.006"/>
  <testcase name="getDescription_returnsDescriptionOfClient_String" classname="ClientTest" time="0.009"/>
  <testcase name="getName_returnsNameOfClient_String" classname="ClientTest" time="0.005"/>
  <testcase name="getId_returnsIdOfClient_true" classname="ClientTest" time="0.011"/>
  <testcase name="equals_returnsTrueIfPropertiesAreTheSame_true" classname="ClientTest" time="0.006"/>
  <system-out><![CDATA[]]></system-out>
  <system-err><![CDATA[]]></system-err>
</testsuite>
