<?xml version="1.0" encoding="UTF-8"?>
<testsuite name="ClientTest" tests="8" skipped="0" failures="0" errors="0" timestamp="2016-09-23T19:13:04" hostname="MacBook-Pro.local" time="0.233">
  <properties/>
  <testcase name="save_savesObjectToDatabase_true" classname="ClientTest" time="0.139"/>
  <testcase name="client_instantiatesCorrectly_true" classname="ClientTest" time="0.008"/>
  <testcase name="getDescription_returnsDescriptionOfClient_String" classname="ClientTest" time="0.007"/>
  <testcase name="all_returnsAllInstancesOfClient_true" classname="ClientTest" time="0.028"/>
  <testcase name="getName_returnsNameOfClient_String" classname="ClientTest" time="0.007"/>
  <testcase name="getId_returnsIdOfClient_true" classname="ClientTest" time="0.012"/>
  <testcase name="equals_returnsTrueIfPropertiesAreTheSame_true" classname="ClientTest" time="0.006"/>
  <testcase name="find_returnsClientWithSameId_secondClient" classname="ClientTest" time="0.025"/>
  <system-out><![CDATA[]]></system-out>
  <system-err><![CDATA[]]></system-err>
</testsuite>
