<?xml version="1.0" encoding="UTF-8"?>
<testsuite name="ClientTest" tests="10" skipped="0" failures="0" errors="0" timestamp="2016-09-25T22:27:04" hostname="MacBook-Pro.domain" time="0.3">
  <properties/>
  <testcase name="save_savesObjectToDatabase_true" classname="ClientTest" time="0.148"/>
  <testcase name="client_instantiatesCorrectly_true" classname="ClientTest" time="0.008"/>
  <testcase name="getDescription_returnsDescriptionOfClient_String" classname="ClientTest" time="0.009"/>
  <testcase name="all_returnsAllInstancesOfClient_true" classname="ClientTest" time="0.042"/>
  <testcase name="getName_returnsNameOfClient_String" classname="ClientTest" time="0.008"/>
  <testcase name="getId_returnsIdOfClient_true" classname="ClientTest" time="0.017"/>
  <testcase name="equals_returnsTrueIfPropertiesAreTheSame_true" classname="ClientTest" time="0.009"/>
  <testcase name="find_returnsClientWithSameId_secondClient" classname="ClientTest" time="0.027"/>
  <testcase name="getStylistId_returnsStylistId_int" classname="ClientTest" time="0.005"/>
  <testcase name="update_updatesDescriptionForClient_true" classname="ClientTest" time="0.023"/>
  <system-out><![CDATA[]]></system-out>
  <system-err><![CDATA[]]></system-err>
</testsuite>
