<?xml version="1.0" encoding="UTF-8"?>
<testsuite name="StylistTest" tests="12" skipped="0" failures="0" errors="0" timestamp="2016-10-03T05:47:26" hostname="MacBook-Pro.domain" time="0.216">
  <properties/>
  <testcase name="getId_returnsIdOfStylist_true" classname="StylistTest" time="0.013"/>
  <testcase name="stylist_instantiatesCorrectly_true" classname="StylistTest" time="0.007"/>
  <testcase name="all_returnsAllInstancesOfStylist_true" classname="StylistTest" time="0.027"/>
  <testcase name="save_savesObjectToDatabase_true" classname="StylistTest" time="0.015"/>
  <testcase name="getClients_retrievesAllClientsWithStylistId_clientList" classname="StylistTest" time="0.03"/>
  <testcase name="updateDescription_updatesStylistDescription_true" classname="StylistTest" time="0.021"/>
  <testcase name="find_returnsStylistWithSameId_secondStylist" classname="StylistTest" time="0.023"/>
  <testcase name="getName_returnsNameOfStylist_String" classname="StylistTest" time="0.006"/>
  <testcase name="getOrphanedClients_retrievesListOfClientsWhoseStylistIdsAreZero_true" classname="StylistTest" time="0.033"/>
  <testcase name="equals_returnsTrueIfPropertiesAreTheSame_true" classname="StylistTest" time="0.007"/>
  <testcase name="delete_deletesStylist_true" classname="StylistTest" time="0.022"/>
  <testcase name="getDescription_returnsDescriptionOfStylist_String" classname="StylistTest" time="0.006"/>
  <system-out><![CDATA[]]></system-out>
  <system-err><![CDATA[]]></system-err>
</testsuite>
