<?xml version="1.0" encoding="UTF-8"?>
<testsuite name="StylistTest" tests="13" skipped="0" failures="0" errors="0" timestamp="2016-10-04T06:36:53" hostname="MacBook-Pro.domain" time="0.286">
  <properties/>
  <testcase name="getId_returnsIdOfStylist_true" classname="StylistTest" time="0.018"/>
  <testcase name="stylist_instantiatesCorrectly_true" classname="StylistTest" time="0.011"/>
  <testcase name="all_returnsAllInstancesOfStylist_true" classname="StylistTest" time="0.045"/>
  <testcase name="save_savesObjectToDatabase_true" classname="StylistTest" time="0.02"/>
  <testcase name="getClients_retrievesAllClientsWithStylistId_clientList" classname="StylistTest" time="0.037"/>
  <testcase name="updateDescription_updatesStylistDescription_true" classname="StylistTest" time="0.031"/>
  <testcase name="find_returnsStylistWithSameId_secondStylist" classname="StylistTest" time="0.028"/>
  <testcase name="getName_returnsNameOfStylist_String" classname="StylistTest" time="0.006"/>
  <testcase name="equals_returnsTrueIfPropertiesAreTheSame_true" classname="StylistTest" time="0.006"/>
  <testcase name="getUnassociatedClients_retrievesListOfClientsWhoseStylistIdsAreZero_true" classname="StylistTest" time="0.029"/>
  <testcase name="delete_deletesStylist_true" classname="StylistTest" time="0.022"/>
  <testcase name="getDescription_returnsDescriptionOfStylist_String" classname="StylistTest" time="0.005"/>
  <testcase name="updateName_updatesStylistName_true" classname="StylistTest" time="0.022"/>
  <system-out><![CDATA[]]></system-out>
  <system-err><![CDATA[]]></system-err>
</testsuite>
